# JRE version: OpenJDK Runtime Environment Temurin-17.0.12+7 (17.0.12+7) (build 17.0.12+7)
# Java VM: OpenJDK 64-Bit Server VM Temurin-17.0.12+7 (17.0.12+7, mixed mode, tiered, compressed oops, compressed class ptrs, parallel gc, windows-amd64)
GC Precious Log:
 CPUs: 16 total, 16 available
 Memory: 65405M
 Large Page Support: Disabled
 NUMA Support: Disabled
 Compressed Oops: Enabled (32-bit)
 Alignments: Space 512K, Generation 512K, Heap 2M
 Heap Min Capacity: 100M
 Heap Initial Capacity: 100M
 Heap Max Capacity: 1G
 Pre-touch: Disabled
 Parallel Workers: 13
Heap:
 PSYoungGen      total 17408K, used 17295K [0x00000000eab00000, 0x00000000ebf80000, 0x0000000100000000)
  eden space 13824K, 100% used [0x00000000eab00000,0x00000000eb880000,0x00000000eb880000)
  from space 3584K, 96% used [0x00000000ebc00000,0x00000000ebf63ed0,0x00000000ebf80000)
  to   space 3584K, 99% used [0x00000000eb880000,0x00000000ebbfeec0,0x00000000ebc00000)
 ParOldGen       total 210944K, used 174755K [0x00000000c0000000, 0x00000000cce00000, 0x00000000eab00000)
  object space 210944K, 82% used [0x00000000c0000000,0x00000000caaa8de0,0x00000000cce00000)
 Metaspace       used 90212K, committed 91712K, reserved 1179648K
  class space    used 9503K, committed 10240K, reserved 1048576K
GC Heap History (20 events):
Event: 882.938 GC heap after
{Heap after GC invocations=1161 (full 24):
 PSYoungGen      total 15872K, used 1382K [0x00000000eab00000, 0x00000000ebd00000, 0x0000000100000000)
  eden space 13824K, 0% used [0x00000000eab00000,0x00000000eab00000,0x00000000eb880000)
  from space 2048K, 67% used [0x00000000eb880000,0x00000000eb9d9828,0x00000000eba80000)
  to   space 1536K, 0% used [0x00000000ebb80000,0x00000000ebb80000,0x00000000ebd00000)
 ParOldGen       total 177664K, used 157895K [0x00000000c0000000, 0x00000000cad80000, 0x00000000eab00000)
  object space 177664K, 88% used [0x00000000c0000000,0x00000000c9a31c10,0x00000000cad80000)
 Metaspace       used 90159K, committed 91648K, reserved 1179648K
  class space    used 9503K, committed 10240K, reserved 1048576K
}
Event: 882.947 GC heap before
{Heap before GC invocations=1162 (full 24):
 PSYoungGen      total 15872K, used 15206K [0x00000000eab00000, 0x00000000ebd00000, 0x0000000100000000)
  eden space 13824K, 100% used [0x00000000eab00000,0x00000000eb880000,0x00000000eb880000)
  from space 2048K, 67% used [0x00000000eb880000,0x00000000eb9d9828,0x00000000eba80000)
  to   space 1536K, 0% used [0x00000000ebb80000,0x00000000ebb80000,0x00000000ebd00000)
 ParOldGen       total 177664K, used 157895K [0x00000000c0000000, 0x00000000cad80000, 0x00000000eab00000)
  object space 177664K, 88% used [0x00000000c0000000,0x00000000c9a31c10,0x00000000cad80000)
 Metaspace       used 90159K, committed 91648K, reserved 1179648K
  class space    used 9503K, committed 10240K, reserved 1048576K
}
Event: 882.948 GC heap after
{Heap after GC invocations=1162 (full 24):
 PSYoungGen      total 15360K, used 1377K [0x00000000eab00000, 0x00000000ebd00000, 0x0000000100000000)
  eden space 13824K, 0% used [0x00000000eab00000,0x00000000eab00000,0x00000000eb880000)
  from space 1536K, 89% used [0x00000000ebb80000,0x00000000ebcd8568,0x00000000ebd00000)
  to   space 1536K, 0% used [0x00000000eba00000,0x00000000eba00000,0x00000000ebb80000)
 ParOldGen       total 177664K, used 159138K [0x00000000c0000000, 0x00000000cad80000, 0x00000000eab00000)
  object space 177664K, 89% used [0x00000000c0000000,0x00000000c9b68b78,0x00000000cad80000)
 Metaspace       used 90159K, committed 91648K, reserved 1179648K
  class space    used 9503K, committed 10240K, reserved 1048576K
}
Event: 882.963 GC heap before
{Heap before GC invocations=1163 (full 24):
 PSYoungGen      total 15360K, used 15201K [0x00000000eab00000, 0x00000000ebd00000, 0x0000000100000000)
  eden space 13824K, 100% used [0x00000000eab00000,0x00000000eb880000,0x00000000eb880000)
  from space 1536K, 89% used [0x00000000ebb80000,0x00000000ebcd8568,0x00000000ebd00000)
  to   space 1536K, 0% used [0x00000000eba00000,0x00000000eba00000,0x00000000ebb80000)
 ParOldGen       total 177664K, used 159138K [0x00000000c0000000, 0x00000000cad80000, 0x00000000eab00000)
  object space 177664K, 89% used [0x00000000c0000000,0x00000000c9b68b78,0x00000000cad80000)
 Metaspace       used 90164K, committed 91648K, reserved 1179648K
  class space    used 9503K, committed 10240K, reserved 1048576K
}
Event: 882.964 GC heap after
{Heap after GC invocations=1163 (full 24):
 PSYoungGen      total 15360K, used 1525K [0x00000000eab00000, 0x00000000ec280000, 0x0000000100000000)
  eden space 13824K, 0% used [0x00000000eab00000,0x00000000eab00000,0x00000000eb880000)
  from space 1536K, 99% used [0x00000000eba00000,0x00000000ebb7d630,0x00000000ebb80000)
  to   space 5120K, 0% used [0x00000000ebd80000,0x00000000ebd80000,0x00000000ec280000)
 ParOldGen       total 177664K, used 161903K [0x00000000c0000000, 0x00000000cad80000, 0x00000000eab00000)
  object space 177664K, 91% used [0x00000000c0000000,0x00000000c9e1bf80,0x00000000cad80000)
 Metaspace       used 90164K, committed 91648K, reserved 1179648K
  class space    used 9503K, committed 10240K, reserved 1048576K
}
Event: 882.990 GC heap before
{Heap before GC invocations=1164 (full 24):
 PSYoungGen      total 15360K, used 15349K [0x00000000eab00000, 0x00000000ec280000, 0x0000000100000000)
  eden space 13824K, 99% used [0x00000000eab00000,0x00000000eb87fff0,0x00000000eb880000)
  from space 1536K, 99% used [0x00000000eba00000,0x00000000ebb7d630,0x00000000ebb80000)
  to   space 5120K, 0% used [0x00000000ebd80000,0x00000000ebd80000,0x00000000ec280000)
 ParOldGen       total 177664K, used 161903K [0x00000000c0000000, 0x00000000cad80000, 0x00000000eab00000)
  object space 177664K, 91% used [0x00000000c0000000,0x00000000c9e1bf80,0x00000000cad80000)
 Metaspace       used 90212K, committed 91712K, reserved 1179648K
  class space    used 9503K, committed 10240K, reserved 1048576K
}
Event: 882.991 GC heap after
{Heap after GC invocations=1164 (full 24):
 PSYoungGen      total 16896K, used 3020K [0x00000000eab00000, 0x00000000ec080000, 0x0000000100000000)
  eden space 13824K, 0% used [0x00000000eab00000,0x00000000eab00000,0x00000000eb880000)
  from space 3072K, 98% used [0x00000000ebd80000,0x00000000ec073150,0x00000000ec080000)
  to   space 3584K, 0% used [0x00000000eb980000,0x00000000eb980000,0x00000000ebd00000)
 ParOldGen       total 177664K, used 163405K [0x00000000c0000000, 0x00000000cad80000, 0x00000000eab00000)
  object space 177664K, 91% used [0x00000000c0000000,0x00000000c9f93758,0x00000000cad80000)
 Metaspace       used 90212K, committed 91712K, reserved 1179648K
  class space    used 9503K, committed 10240K, reserved 1048576K
}
Event: 883.037 GC heap before
{Heap before GC invocations=1165 (full 24):
 PSYoungGen      total 16896K, used 16844K [0x00000000eab00000, 0x00000000ec080000, 0x0000000100000000)
  eden space 13824K, 100% used [0x00000000eab00000,0x00000000eb880000,0x00000000eb880000)
  from space 3072K, 98% used [0x00000000ebd80000,0x00000000ec073150,0x00000000ec080000)
  to   space 3584K, 0% used [0x00000000eb980000,0x00000000eb980000,0x00000000ebd00000)
 ParOldGen       total 177664K, used 163405K [0x00000000c0000000, 0x00000000cad80000, 0x00000000eab00000)
  object space 177664K, 91% used [0x00000000c0000000,0x00000000c9f93758,0x00000000cad80000)
 Metaspace       used 90212K, committed 91712K, reserved 1179648K
  class space    used 9503K, committed 10240K, reserved 1048576K
}
Event: 883.040 GC heap after
{Heap after GC invocations=1165 (full 24):
 PSYoungGen      total 17408K, used 3563K [0x00000000eab00000, 0x00000000ec880000, 0x0000000100000000)
  eden space 13824K, 0% used [0x00000000eab00000,0x00000000eab00000,0x00000000eb880000)
  from space 3584K, 99% used [0x00000000eb980000,0x00000000ebcfae80,0x00000000ebd00000)
  to   space 8192K, 0% used [0x00000000ec080000,0x00000000ec080000,0x00000000ec880000)
 ParOldGen       total 177664K, used 167140K [0x00000000c0000000, 0x00000000cad80000, 0x00000000eab00000)
  object space 177664K, 94% used [0x00000000c0000000,0x00000000ca339358,0x00000000cad80000)
 Metaspace       used 90212K, committed 91712K, reserved 1179648K
  class space    used 9503K, committed 10240K, reserved 1048576K
}
Event: 883.066 GC heap before
{Heap before GC invocations=1166 (full 24):
 PSYoungGen      total 17408K, used 17387K [0x00000000eab00000, 0x00000000ec880000, 0x0000000100000000)
  eden space 13824K, 100% used [0x00000000eab00000,0x00000000eb880000,0x00000000eb880000)
  from space 3584K, 99% used [0x00000000eb980000,0x00000000ebcfae80,0x00000000ebd00000)
  to   space 8192K, 0% used [0x00000000ec080000,0x00000000ec080000,0x00000000ec880000)
 ParOldGen       total 177664K, used 167140K [0x00000000c0000000, 0x00000000cad80000, 0x00000000eab00000)
  object space 177664K, 94% used [0x00000000c0000000,0x00000000ca339358,0x00000000cad80000)
 Metaspace       used 90212K, committed 91712K, reserved 1179648K
  class space    used 9503K, committed 10240K, reserved 1048576K
}
Event: 883.070 GC heap after
{Heap after GC invocations=1166 (full 24):
 PSYoungGen      total 17408K, used 3465K [0x00000000eab00000, 0x00000000ec400000, 0x0000000100000000)
  eden space 13824K, 0% used [0x00000000eab00000,0x00000000eab00000,0x00000000eb880000)
  from space 3584K, 96% used [0x00000000ec080000,0x00000000ec3e2488,0x00000000ec400000)
  to   space 5120K, 0% used [0x00000000eba00000,0x00000000eba00000,0x00000000ebf00000)
 ParOldGen       total 177664K, used 170635K [0x00000000c0000000, 0x00000000cad80000, 0x00000000eab00000)
  object space 177664K, 96% used [0x00000000c0000000,0x00000000ca6a2fe0,0x00000000cad80000)
 Metaspace       used 90212K, committed 91712K, reserved 1179648K
  class space    used 9503K, committed 10240K, reserved 1048576K
}
Event: 883.094 GC heap before
{Heap before GC invocations=1167 (full 24):
 PSYoungGen      total 17408K, used 17289K [0x00000000eab00000, 0x00000000ec400000, 0x0000000100000000)
  eden space 13824K, 100% used [0x00000000eab00000,0x00000000eb880000,0x00000000eb880000)
  from space 3584K, 96% used [0x00000000ec080000,0x00000000ec3e2488,0x00000000ec400000)
  to   space 5120K, 0% used [0x00000000eba00000,0x00000000eba00000,0x00000000ebf00000)
 ParOldGen       total 177664K, used 170635K [0x00000000c0000000, 0x00000000cad80000, 0x00000000eab00000)
  object space 177664K, 96% used [0x00000000c0000000,0x00000000ca6a2fe0,0x00000000cad80000)
 Metaspace       used 90212K, committed 91712K, reserved 1179648K
  class space    used 9503K, committed 10240K, reserved 1048576K
}
Event: 883.095 GC heap after
{Heap after GC invocations=1167 (full 24):
 PSYoungGen      total 17408K, used 3380K [0x00000000eab00000, 0x00000000ec100000, 0x0000000100000000)
  eden space 13824K, 0% used [0x00000000eab00000,0x00000000eab00000,0x00000000eb880000)
  from space 3584K, 94% used [0x00000000eba00000,0x00000000ebd4d2b8,0x00000000ebd80000)
  to   space 3584K, 0% used [0x00000000ebd80000,0x00000000ebd80000,0x00000000ec100000)
 ParOldGen       total 177664K, used 173776K [0x00000000c0000000, 0x00000000cad80000, 0x00000000eab00000)
  object space 177664K, 97% used [0x00000000c0000000,0x00000000ca9b40e8,0x00000000cad80000)
 Metaspace       used 90212K, committed 91712K, reserved 1179648K
  class space    used 9503K, committed 10240K, reserved 1048576K
}
Event: 883.118 GC heap before
{Heap before GC invocations=1168 (full 24):
 PSYoungGen      total 17408K, used 17204K [0x00000000eab00000, 0x00000000ec100000, 0x0000000100000000)
  eden space 13824K, 100% used [0x00000000eab00000,0x00000000eb880000,0x00000000eb880000)
  from space 3584K, 94% used [0x00000000eba00000,0x00000000ebd4d2b8,0x00000000ebd80000)
  to   space 3584K, 0% used [0x00000000ebd80000,0x00000000ebd80000,0x00000000ec100000)
 ParOldGen       total 177664K, used 173776K [0x00000000c0000000, 0x00000000cad80000, 0x00000000eab00000)
  object space 177664K, 97% used [0x00000000c0000000,0x00000000ca9b40e8,0x00000000cad80000)
 Metaspace       used 90212K, committed 91712K, reserved 1179648K
  class space    used 9503K, committed 10240K, reserved 1048576K
}
Event: 883.120 GC heap after
{Heap after GC invocations=1168 (full 24):
 PSYoungGen      total 17408K, used 3293K [0x00000000eab00000, 0x00000000ec100000, 0x0000000100000000)
  eden space 13824K, 0% used [0x00000000eab00000,0x00000000eab00000,0x00000000eb880000)
  from space 3584K, 91% used [0x00000000ebd80000,0x00000000ec0b7750,0x00000000ec100000)
  to   space 3584K, 0% used [0x00000000eba00000,0x00000000eba00000,0x00000000ebd80000)
 ParOldGen       total 177664K, used 176929K [0x00000000c0000000, 0x00000000cad80000, 0x00000000eab00000)
  object space 177664K, 99% used [0x00000000c0000000,0x00000000cacc8500,0x00000000cad80000)
 Metaspace       used 90212K, committed 91712K, reserved 1179648K
  class space    used 9503K, committed 10240K, reserved 1048576K
}
Event: 883.120 GC heap before
{Heap before GC invocations=1169 (full 25):
 PSYoungGen      total 17408K, used 3293K [0x00000000eab00000, 0x00000000ec100000, 0x0000000100000000)
  eden space 13824K, 0% used [0x00000000eab00000,0x00000000eab00000,0x00000000eb880000)
  from space 3584K, 91% used [0x00000000ebd80000,0x00000000ec0b7750,0x00000000ec100000)
  to   space 3584K, 0% used [0x00000000eba00000,0x00000000eba00000,0x00000000ebd80000)
 ParOldGen       total 177664K, used 176929K [0x00000000c0000000, 0x00000000cad80000, 0x00000000eab00000)
  object space 177664K, 99% used [0x00000000c0000000,0x00000000cacc8500,0x00000000cad80000)
 Metaspace       used 90212K, committed 91712K, reserved 1179648K
  class space    used 9503K, committed 10240K, reserved 1048576K
}
Event: 883.187 GC heap after
{Heap after GC invocations=1169 (full 25):
 PSYoungGen      total 14336K, used 0K [0x00000000eab00000, 0x00000000ebf80000, 0x0000000100000000)
  eden space 13824K, 0% used [0x00000000eab00000,0x00000000eab00000,0x00000000eb880000)
  from space 512K, 0% used [0x00000000eba00000,0x00000000eba00000,0x00000000eba80000)
  to   space 3584K, 0% used [0x00000000ebc00000,0x00000000ebc00000,0x00000000ebf80000)
 ParOldGen       total 210944K, used 171841K [0x00000000c0000000, 0x00000000cce00000, 0x00000000eab00000)
  object space 210944K, 81% used [0x00000000c0000000,0x00000000ca7d06c8,0x00000000cce00000)
 Metaspace       used 90212K, committed 91712K, reserved 1179648K
  class space    used 9503K, committed 10240K, reserved 1048576K
}
Event: 883.209 GC heap before
{Heap before GC invocations=1170 (full 25):
 PSYoungGen      total 14336K, used 13824K [0x00000000eab00000, 0x00000000ebf80000, 0x0000000100000000)
  eden space 13824K, 100% used [0x00000000eab00000,0x00000000eb880000,0x00000000eb880000)
  from space 512K, 0% used [0x00000000eba00000,0x00000000eba00000,0x00000000eba80000)
  to   space 3584K, 0% used [0x00000000ebc00000,0x00000000ebc00000,0x00000000ebf80000)
 ParOldGen       total 210944K, used 171841K [0x00000000c0000000, 0x00000000cce00000, 0x00000000eab00000)
  object space 210944K, 81% used [0x00000000c0000000,0x00000000ca7d06c8,0x00000000cce00000)
 Metaspace       used 90212K, committed 91712K, reserved 1179648K
  class space    used 9503K, committed 10240K, reserved 1048576K
}
Event: 883.210 GC heap after
{Heap after GC invocations=1170 (full 25):
 PSYoungGen      total 17408K, used 3471K [0x00000000eab00000, 0x00000000ebf80000, 0x0000000100000000)
  eden space 13824K, 0% used [0x00000000eab00000,0x00000000eab00000,0x00000000eb880000)
  from space 3584K, 96% used [0x00000000ebc00000,0x00000000ebf63ed0,0x00000000ebf80000)
  to   space 3584K, 0% used [0x00000000eb880000,0x00000000eb880000,0x00000000ebc00000)
 ParOldGen       total 210944K, used 171841K [0x00000000c0000000, 0x00000000cce00000, 0x00000000eab00000)
  object space 210944K, 81% used [0x00000000c0000000,0x00000000ca7d06c8,0x00000000cce00000)
 Metaspace       used 90212K, committed 91712K, reserved 1179648K
  class space    used 9503K, committed 10240K, reserved 1048576K
}
Event: 883.229 GC heap before
{Heap before GC invocations=1171 (full 25):
 PSYoungGen      total 17408K, used 17295K [0x00000000eab00000, 0x00000000ebf80000, 0x0000000100000000)
  eden space 13824K, 100% used [0x00000000eab00000,0x00000000eb880000,0x00000000eb880000)
  from space 3584K, 96% used [0x00000000ebc00000,0x00000000ebf63ed0,0x00000000ebf80000)
  to   space 3584K, 0% used [0x00000000eb880000,0x00000000eb880000,0x00000000ebc00000)
 ParOldGen       total 210944K, used 171841K [0x00000000c0000000, 0x00000000cce00000, 0x00000000eab00000)
  object space 210944K, 81% used [0x00000000c0000000,0x00000000ca7d06c8,0x00000000cce00000)
 Metaspace       used 90212K, committed 91712K, reserved 1179648K
  class space    used 9503K, committed 10240K, reserved 1048576K
}

